生成启动时间为 2014-02-21 17:12:02。
     1>项目“F:\C++\poj\poj_Solve\2965\2965\2965.vcxproj”在节点 2 上(build 个目标)。
     1>PrepareForBuild:
         正在创建目录“F:\C++\poj\poj_Solve\2965\Debug\”。
       InitializeBuildStatus:
         正在创建“Debug\2965.unsuccessfulbuild”，因为已指定“AlwaysCreate”。
       ClCompile:
         C:\Program Files\Microsoft Visual Studio 10.0\VC\bin\CL.exe /c /ZI /nologo /W3 /WX- /Od /Oy- /D _MBCS /Gm /EHsc /RTC1 /MDd /GS /fp:precise /Zc:wchar_t /Zc:forScope /Fo"Debug\\" /Fd"Debug\vc100.pdb" /Gd /TP /analyze- /errorReport:prompt main.cpp
         main.cpp
       Link:
         C:\Program Files\Microsoft Visual Studio 10.0\VC\bin\link.exe /ERRORREPORT:PROMPT /OUT:"F:\C++\poj\poj_Solve\2965\Debug\2965.exe" /NOLOGO kernel32.lib user32.lib gdi32.lib winspool.lib comdlg32.lib advapi32.lib shell32.lib ole32.lib oleaut32.lib uuid.lib odbc32.lib odbccp32.lib /MANIFEST /ManifestFile:"Debug\2965.exe.intermediate.manifest" /MANIFESTUAC:"level='asInvoker' uiAccess='false'" /DEBUG /PDB:"F:\C++\poj\poj_Solve\2965\Debug\2965.pdb" /TLBID:1 /DYNAMICBASE /NXCOMPAT /IMPLIB:"F:\C++\poj\poj_Solve\2965\Debug\2965.lib" /MACHINE:X86 Debug\main.obj
         2965.vcxproj -> F:\C++\poj\poj_Solve\2965\Debug\2965.exe
       Manifest:
         C:\Program Files\Microsoft SDKs\Windows\v7.0A\bin\mt.exe /nologo /verbose /outputresource:"F:\C++\poj\poj_Solve\2965\Debug\2965.exe;#1" /manifest Debug\2965.exe.intermediate.manifest
       FinalizeBuildStatus:
         正在删除文件“Debug\2965.unsuccessfulbuild”。
         正在对“Debug\2965.lastbuildstate”执行 Touch 任务。
     1>已完成生成项目“F:\C++\poj\poj_Solve\2965\2965\2965.vcxproj”(build 个目标)的操作。

生成成功。

已用时间 00:00:02.15
